Your command6
Your command7
Your command6
Your command6
Your command6
Your command7
Your command6
Your command7
Your command8
Your command9
Your command10
Your command11
Your command12
Your command13
Your command14
Your command15
Your command16
Your command17
Your command18
Your command19
Your command20
Your command21
Your command22
Your command23
Your command24
Your command25
Your command26
undefined;undefined
undefined;undefined
undefined;undefined
undefined;undefined
undefined;undefined
undefined;undefined
undefined;undefined
undefined;undefined
undefined;undefined
undefined;undefined
Applause;undefined
Whistle;undefined
Applause;Immediately
Whistle;In 3 2 1
Bravo!;In 3 2 1
Whistle;In 3 2 1
Whistle;In 3 2 1
Cheering;In 3 2 1
Cheering;In 3 2 1
Cheering;In 3 2 1
Cheering;In 3 2 1
Cheering;In 3 2 1
Bravo!;Immediately
Bravo!;Immediately
Bravo!;In 3 2 1
Whistle;In 3 2 1
Whistle;In 3 2 1
Whistle;In 3 2 1
Whistle;In 3 2 1
Whistle;In 3 2 1
Whistle;In 3 2 1
Whistle;In 3 2 1
Whistle;In 3 2 1
Cheering;In 3 2 1
Cheering;In 3 2 1
Cheering;In 3 2 1
Cheering;In 3 2 1
Cheering;In 3 2 1
Cheering;In 3 2 1
Cheering;In 3 2 1
Cheering;In 3 2 1
Cheering;In 3 2 1
Disappointment;In 3 2 1
Booing;Immediately
Laugh;In 3 2 1
Laugh;In 3 2 1
Disappointment;In 3 2 1
Disappointment;In 3 2 1
Disappointment;In 3 2 1
Cheering;In 10 9 8...
Cheering;In 10 9 8...
Cheering;In 10 9 8...
Whistle;Immediately
Applause;In 3 2 1
Applause;In 3 2 1
Applause;In 3 2 1
Applause;In 10 9 8...
Applause;In 10 9 8...
Applause;In 10 9 8...
Applause;In 10 9 8...
Applause;In 10 9 8...
Applause;In 10 9 8...
Applause;In 10 9 8...
Applause;In 10 9 8...
Applause;In 10 9 8...
Applause;In 10 9 8...
Applause;In 10 9 8...
Applause;In 10 9 8...
Applause;In 10 9 8...
Applause;In 10 9 8...
Cheering;In 10 9 8...
Cheering;In 10 9 8...
Cheering;Immediately
Disappointment;Immediately
Disappointment;Immediately
Disappointment;Immediately
Disappointment;In 3 2 1
Whistle;In 3 2 1
Bravo!;In 3 2 1
Booing;In 3 2 1
Bravo!;In 3 2 1
Bravo!;In 3 2 1
Cheering;In 3 2 1
Disappointment;In 3 2 1
Disappointment;In 3 2 1
Disappointment;In 3 2 1
Disappointment;In 3 2 1
Whistle;In 3 2 1
Whistle;In 10 9 8...
Whistle;In 10 9 8...
Cheering;In 10 9 8...
Booing;Immediately
Disappointment;Immediately
Applause;Immediately
Applause;Immediately
Whistle;Immediately
Cheering;Immediately
Booing;Immediately
Distinct Chatter;Immediately
Distinct Chatter;Immediately
Disappointment;Immediately
Distinct Chatter;In 3 2 1
Bravo!;In 3 2 1
Cheering;Immediately
Whistle;Immediately
Whistle;In 3 2 1
Whistle;In 3 2 1
Whistle;Immediately
Whistle;Immediately
Cheering;In 3 2 1
Cheering;In 3 2 1
Bravo!;In 3 2 1
Bravo!;Immediately
Bravo!;Immediately
Whistle;Immediately
Booing;In 3 2 1
Bravo!;In 3 2 1
Booing;In 3 2 1
Booing;In 3 2 1
Booing;In 3 2 1
Booing;Immediately
Whistle;In 3 2 1
Whistle;In 3 2 1
Whistle;In 3 2 1
Whistle;In 3 2 1
Bravo!;In 3 2 1
Bravo!;In 3 2 1
Cheering;Immediately
Cheering;Immediately
Disappointment;Immediately
Bravo!;Immediately
Bravo!;In 3 2 1
Whistle;In 3 2 1
Whistle;In 3 2 1
Whistle;In 3 2 1
Cheering;In 3 2 1
Bravo!;In 3 2 1
Bravo!;Immediately
Booing;In 3 2 1
Booing;In 3 2 1
Bravo!;In 3 2 1
Bravo!;Immediately
Bravo!;Immediately
Bravo!;Immediately
Bravo!;Immediately
Bravo!;Immediately
Bravo!;Immediately
Bravo!;Immediately
Bravo!;Immediately
Bravo!;Immediately
Booing;Immediately
Booing;Immediately
Bravo!;Immediately
Bravo!;Immediately
Bravo!;In 3 2 1
Bravo!;In 3 2 1
Whistle;In 3 2 1
Bravo!;In 3 2 1
Cheering;In 3 2 1
Booing;In 3 2 1
Booing;Immediately
Booing;Immediately
Bravo!;Immediately
Bravo!;Immediately
Cheering;Immediately
Cheering;Immediately
Laugh;Immediately
Laugh;Immediately
Bravo!;Immediately
Whistle;Immediately
Laugh;Immediately
Laugh;Immediately
Laugh;Immediately
Whistle;In 3 2 1
Whistle;In 3 2 1
Whistle;In 3 2 1
Whistle;In 3 2 1
Bravo!;In 3 2 1
Bravo!;In 3 2 1
Bravo!;In 3 2 1
Bravo!;In 3 2 1
Booing;Immediately
Cheering;Immediately
Cheering;Immediately
